<?xml version="1.0" encoding="UTF-8"?>
<testng-results ignored="0" total="7" passed="7" failed="0" skipped="0">
  <reporter-output>
  </reporter-output>
  <suite started-at="2024-11-01T16:50:00 IST" name="Default suite" finished-at="2024-11-01T16:54:16 IST" duration-ms="256088">
    <groups>
      <group name="cucumber">
        <method signature="AbstractTestNGCucumberTests.runScenario(io.cucumber.testng.PickleWrapper,io.cucumber.testng.FeatureWrapper)[pri:0, instance:TestRunner.TestRunner@36ebc363]" name="runScenario" class="io.cucumber.testng.AbstractTestNGCucumberTests"/>
      </group> <!-- cucumber -->
    </groups>
    <test started-at="2024-11-01T16:50:00 IST" name="Default test" finished-at="2024-11-01T16:54:16 IST" duration-ms="256088">
      <class name="TestRunner.TestRunner">
        <test-method is-config="true" signature="setUpClass(org.testng.ITestContext)[pri:0, instance:TestRunner.TestRunner@36ebc363]" started-at="2024-11-01T16:50:00 IST" name="setUpClass" finished-at="2024-11-01T16:50:01 IST" duration-ms="853" status="PASS">
          <params>
            <param index="0">
              <value>
                <![CDATA[org.testng.TestRunner@3965bdf9]]>
              </value>
            </param>
          </params>
          <reporter-output>
          </reporter-output>
        </test-method> <!-- setUpClass -->
        <test-method signature="runScenario(io.cucumber.testng.PickleWrapper,io.cucumber.testng.FeatureWrapper)[pri:0, instance:TestRunner.TestRunner@36ebc363]" started-at="2024-11-01T16:50:01 IST" name="runScenario" description="Runs Cucumber Scenarios" data-provider="scenarios" finished-at="2024-11-01T16:50:38 IST" duration-ms="37089" status="PASS">
          <params>
            <param index="0">
              <value>
                <![CDATA["Adding Product to Cart"]]>
              </value>
            </param>
            <param index="1">
              <value>
                <![CDATA["Guest User Add Product to Cart"]]>
              </value>
            </param>
          </params>
          <reporter-output>
          </reporter-output>
        </test-method> <!-- runScenario -->
        <test-method signature="runScenario(io.cucumber.testng.PickleWrapper,io.cucumber.testng.FeatureWrapper)[pri:0, instance:TestRunner.TestRunner@36ebc363]" started-at="2024-11-01T16:50:38 IST" name="runScenario" description="Runs Cucumber Scenarios" data-provider="scenarios" finished-at="2024-11-01T16:51:11 IST" duration-ms="33659" status="PASS">
          <params>
            <param index="0">
              <value>
                <![CDATA["Login With Valid Credentiels"]]>
              </value>
            </param>
            <param index="1">
              <value>
                <![CDATA["Login Functionality"]]>
              </value>
            </param>
          </params>
          <reporter-output>
          </reporter-output>
        </test-method> <!-- runScenario -->
        <test-method signature="runScenario(io.cucumber.testng.PickleWrapper,io.cucumber.testng.FeatureWrapper)[pri:0, instance:TestRunner.TestRunner@36ebc363]" started-at="2024-11-01T16:51:11 IST" name="runScenario" description="Runs Cucumber Scenarios" data-provider="scenarios" finished-at="2024-11-01T16:51:42 IST" duration-ms="30180" status="PASS">
          <params>
            <param index="0">
              <value>
                <![CDATA["Login With Invalid UserName"]]>
              </value>
            </param>
            <param index="1">
              <value>
                <![CDATA["Login Functionality"]]>
              </value>
            </param>
          </params>
          <reporter-output>
          </reporter-output>
        </test-method> <!-- runScenario -->
        <test-method signature="runScenario(io.cucumber.testng.PickleWrapper,io.cucumber.testng.FeatureWrapper)[pri:0, instance:TestRunner.TestRunner@36ebc363]" started-at="2024-11-01T16:51:42 IST" name="runScenario" description="Runs Cucumber Scenarios" data-provider="scenarios" finished-at="2024-11-01T16:52:13 IST" duration-ms="30956" status="PASS">
          <params>
            <param index="0">
              <value>
                <![CDATA["Login With Invalid Password"]]>
              </value>
            </param>
            <param index="1">
              <value>
                <![CDATA["Login Functionality"]]>
              </value>
            </param>
          </params>
          <reporter-output>
          </reporter-output>
        </test-method> <!-- runScenario -->
        <test-method signature="runScenario(io.cucumber.testng.PickleWrapper,io.cucumber.testng.FeatureWrapper)[pri:0, instance:TestRunner.TestRunner@36ebc363]" started-at="2024-11-01T16:52:13 IST" name="runScenario" description="Runs Cucumber Scenarios" data-provider="scenarios" finished-at="2024-11-01T16:52:43 IST" duration-ms="30248" status="PASS">
          <params>
            <param index="0">
              <value>
                <![CDATA["Login With Empty Username"]]>
              </value>
            </param>
            <param index="1">
              <value>
                <![CDATA["Login Functionality"]]>
              </value>
            </param>
          </params>
          <reporter-output>
          </reporter-output>
        </test-method> <!-- runScenario -->
        <test-method signature="runScenario(io.cucumber.testng.PickleWrapper,io.cucumber.testng.FeatureWrapper)[pri:0, instance:TestRunner.TestRunner@36ebc363]" started-at="2024-11-01T16:52:43 IST" name="runScenario" description="Runs Cucumber Scenarios" data-provider="scenarios" finished-at="2024-11-01T16:53:13 IST" duration-ms="30186" status="PASS">
          <params>
            <param index="0">
              <value>
                <![CDATA["Login With Empty Password"]]>
              </value>
            </param>
            <param index="1">
              <value>
                <![CDATA["Login Functionality"]]>
              </value>
            </param>
          </params>
          <reporter-output>
          </reporter-output>
        </test-method> <!-- runScenario -->
        <test-method signature="runScenario(io.cucumber.testng.PickleWrapper,io.cucumber.testng.FeatureWrapper)[pri:0, instance:TestRunner.TestRunner@36ebc363]" started-at="2024-11-01T16:53:13 IST" name="runScenario" description="Runs Cucumber Scenarios" data-provider="scenarios" finished-at="2024-11-01T16:54:16 IST" duration-ms="62759" status="PASS">
          <params>
            <param index="0">
              <value>
                <![CDATA["Valid User Addong Product to Cart"]]>
              </value>
            </param>
            <param index="1">
              <value>
                <![CDATA["Adding Product to the Cart"]]>
              </value>
            </param>
          </params>
          <reporter-output>
          </reporter-output>
        </test-method> <!-- runScenario -->
        <test-method is-config="true" signature="tearDownClass()[pri:0, instance:TestRunner.TestRunner@36ebc363]" started-at="2024-11-01T16:54:16 IST" name="tearDownClass" finished-at="2024-11-01T16:54:16 IST" duration-ms="92" status="PASS">
          <reporter-output>
          </reporter-output>
        </test-method> <!-- tearDownClass -->
      </class> <!-- TestRunner.TestRunner -->
    </test> <!-- Default test -->
  </suite> <!-- Default suite -->
</testng-results>
